Flutter crash report; please file at https://github.com/flutter/flutter/issues.

## command

flutter --no-color run --machine --track-widget-creation --device-id=0216610740601983 --start-paused --dart-define=flutter.inspector.structuredErrors=true lib\main.dart

## exception

ArgumentError: Invalid argument(s): Cannot find executable for C:\Users\Fr3on\AppData\Local\Android\sdk\build-tools\29.0.2\aapt.

```
#0      _getExecutable (package:process/src/interface/local_process_manager.dart:127:5)
#1      LocalProcessManager.runSync (package:process/src/interface/local_process_manager.dart:94:30)
#2      _DefaultProcessUtils.runSync (package:flutter_tools/src/base/process.dart:417:51)
#3      new AndroidApk.fromApk (package:flutter_tools/src/application_package.dart:120:33)
#4      AndroidApk.fromAndroidProject (package:flutter_tools/src/application_package.dart:173:27)
<asynchronous suspension>
#5      AndroidDevice.startApp (package:flutter_tools/src/android/android_device.dart:524:34)
<asynchronous suspension>
#6      FlutterDevice.runHot (package:flutter_tools/src/resident_runner.dart:429:54)
<asynchronous suspension>
#7      HotRunner.run (package:flutter_tools/src/run_hot.dart:361:31)
#8      AppDomain.startApp.<anonymous closure> (package:flutter_tools/src/commands/daemon.dart:518:23)
#9      AppDomain.launch.<anonymous closure> (package:flutter_tools/src/commands/daemon.dart:580:26)
#10     AppDomain.launch.<anonymous closure> (package:flutter_tools/src/commands/daemon.dart:578:38)
#11     AppContext.run.<anonymous closure> (package:flutter_tools/src/base/context.dart:150:29)
#12     AppContext.run.<anonymous closure> (package:flutter_tools/src/base/context.dart:150:7)
#13     _rootRun (dart:async/zone.dart:1184:13)
#14     _CustomZone.run (dart:async/zone.dart:1077:19)
#15     _runZoned (dart:async/zone.dart:1619:10)
#16     runZoned (dart:async/zone.dart:1539:10)
#17     AppContext.run (package:flutter_tools/src/base/context.dart:149:18)
#18     AppInstance._runInZone (package:flutter_tools/src/commands/daemon.dart:1025:20)
#19     AppDomain.launch (package:flutter_tools/src/commands/daemon.dart:578:15)
#20     AppDomain.startApp (package:flutter_tools/src/commands/daemon.dart:512:12)
#21     _rootRunUnary (dart:async/zone.dart:1192:38)
#22     _CustomZone.runUnary (dart:async/zone.dart:1085:19)
#23     _FutureListener.handleValue (dart:async/future_impl.dart:141:18)
#24     Future._propagateToListeners.handleValueCallback (dart:async/future_impl.dart:682:45)
#25     Future._propagateToListeners (dart:async/future_impl.dart:711:32)
#26     Future._completeWithValue (dart:async/future_impl.dart:526:5)
#27     Future._asyncComplete.<anonymous closure> (dart:async/future_impl.dart:556:7)
#28     _rootRun (dart:async/zone.dart:1184:13)
#29     _CustomZone.run (dart:async/zone.dart:1077:19)
#30     _CustomZone.runGuarded (dart:async/zone.dart:979:7)
#31     _CustomZone.bindCallbackGuarded.<anonymous closure> (dart:async/zone.dart:1019:23)
#32     _microtaskLoop (dart:async/schedule_microtask.dart:43:21)
#33     _startMicrotaskLoop (dart:async/schedule_microtask.dart:52:5)
#34     _runPendingImmediateCallback (dart:isolate-patch/isolate_patch.dart:118:13)
#35     _RawReceivePortImpl._handleMessage (dart:isolate-patch/isolate_patch.dart:169:5)
```

## flutter doctor

```
[✓] Flutter (Channel stable, v1.17.3, on Microsoft Windows [Version 10.0.18362.1082], locale en-US)
    • Flutter version 1.17.3 at C:\src\flutter
    • Framework revision b041144f83 (4 months ago), 2020-06-04 09:26:11 -0700
    • Engine revision ee76268252
    • Dart version 2.8.4

[!] Android toolchain - develop for Android devices (Android SDK version 29.0.2)
    • Android SDK at C:\Users\Fr3on\AppData\Local\Android\sdk
    • Platform android-29, build-tools 29.0.2
    ✗ Android SDK file not found: C:\Users\Fr3on\AppData\Local\Android\sdk\build-tools\29.0.2\aapt.
    • Try re-installing or updating your Android SDK,
      visit https://flutter.dev/docs/get-started/install/windows#android-setup for detailed instructions.

[✓] Android Studio (version 4.0)
    • Android Studio at C:\Program Files\Android\Android Studio
    • Flutter plugin version 49.0.2
    • Dart plugin version 193.7547
    • Java version OpenJDK Runtime Environment (build 1.8.0_242-release-1644-b01)

[!] IntelliJ IDEA Ultimate Edition (version 2019.2)
    • IntelliJ at C:\Users\Fr3on\AppData\Local\JetBrains\IntelliJ IDEA 2019.2.4
    ✗ Flutter plugin not installed; this adds Flutter specific functionality.
    ✗ Dart plugin not installed; this adds Dart specific functionality.
    • For information about installing plugins, see
      https://flutter.dev/intellij-setup/#installing-the-plugins

[✓] VS Code (version 1.49.1)
    • VS Code at C:\Users\Fr3on\AppData\Local\Programs\Microsoft VS Code
    • Flutter extension version 3.14.1

[✓] Connected device (1 available)
    • Infinix S2 Pro • 0216610740601983 • android-arm64 • Android 7.0 (API 24)

! Doctor found issues in 2 categories.
```
